Arguments: 
  /opt/homebrew/Cellar/node/17.5.0/bin/node /opt/homebrew/Cellar/yarn/1.22.17_2/libexec/bin/yarn.js init

PATH: 
  /Users/melo/Library/Python/3.7/bin:/Users/melo/Library/pnpm:/opt/homebrew/bin:/opt/homebrew/sbin:/usr/local/bin:/usr/bin:/bin:/usr/sbin:/sbin:/Users/melo/Library/Python/3.9/bin:/Library/Apple/usr/bin:/Users/melo/.nvm/versions/node/v12.22.8/bin:/Users/melo/Library/Python/3.7/bin:/Users/melo/Library/pnpm:/opt/homebrew/bin:/opt/homebrew/sbin

Yarn version: 
  1.22.17

Node version: 
  17.5.0

Platform: 
  darwin arm64

Trace: 
  Error: canceled
      at Interface.<anonymous> (/opt/homebrew/Cellar/yarn/1.22.17_2/libexec/lib/cli.js:137143:13)
      at Interface.emit (node:events:526:28)
      at Interface.[_ttyWrite] [as _ttyWrite] (node:internal/readline/interface:1104:18)
      at ReadStream.onkeypress (node:internal/readline/interface:269:20)
      at ReadStream.emit (node:events:526:28)
      at emitKeys (node:internal/readline/utils:358:14)
      at emitKeys.next (<anonymous>)
      at ReadStream.onData (node:internal/readline/emitKeypressEvents:64:36)
      at ReadStream.emit (node:events:526:28)
      at addChunk (node:internal/streams/readable:324:12)

npm manifest: 
  No manifest

yarn manifest: 
  No manifest

Lockfile: 
  No lockfile
